Using pre-set license
Built from '2022.1/staging' branch; Version is '2022.1.20f1 (01d83b40d570) revision 120891'; Using compiler version '192829333'; Build Type 'Release'
OS: 'Windows 10  (10.0.19044) 64bit Core' Language: 'de' Physical Memory: 16119 MB
BatchMode: 1, IsHumanControllingUs: 0, StartBugReporterOnCrash: 0, Is64bit: 1, IsPro: 1

COMMAND LINE ARGUMENTS:
C:\Program Files\Unity\Hub\Editor\2022.1.20f1\Editor\Unity.exe
-adb2
-batchMode
-noUpm
-name
AssetImportWorker0
-projectPath
C:/Tim/UnityAssets/EasyParallelScene/Version_1/Unity/EasyParallelScene
-logFile
Logs/AssetImportWorker0.log
-srvPort
61686
Successfully changed project path to: C:/Tim/UnityAssets/EasyParallelScene/Version_1/Unity/EasyParallelScene
C:/Tim/UnityAssets/EasyParallelScene/Version_1/Unity/EasyParallelScene
[UnityMemory] Configuration Parameters - Can be set up in boot.config
    "memorysetup-bucket-allocator-granularity=16"
    "memorysetup-bucket-allocator-bucket-count=8"
    "memorysetup-bucket-allocator-block-size=33554432"
    "memorysetup-bucket-allocator-block-count=8"
    "memorysetup-main-allocator-block-size=16777216"
    "memorysetup-thread-allocator-block-size=16777216"
    "memorysetup-gfx-main-allocator-block-size=16777216"
    "memorysetup-gfx-thread-allocator-block-size=16777216"
    "memorysetup-cache-allocator-block-size=4194304"
    "memorysetup-typetree-allocator-block-size=2097152"
    "memorysetup-profiler-bucket-allocator-granularity=16"
    "memorysetup-profiler-bucket-allocator-bucket-count=8"
    "memorysetup-profiler-bucket-allocator-block-size=33554432"
    "memorysetup-profiler-bucket-allocator-block-count=8"
    "memorysetup-profiler-allocator-block-size=16777216"
    "memorysetup-profiler-editor-allocator-block-size=1048576"
    "memorysetup-temp-allocator-size-main=16777216"
    "memorysetup-job-temp-allocator-block-size=2097152"
    "memorysetup-job-temp-allocator-block-size-background=1048576"
    "memorysetup-job-temp-allocator-reduction-small-platforms=262144"
    "memorysetup-temp-allocator-size-background-worker=32768"
    "memorysetup-temp-allocator-size-job-worker=262144"
    "memorysetup-temp-allocator-size-preload-manager=33554432"
    "memorysetup-temp-allocator-size-nav-mesh-worker=65536"
    "memorysetup-temp-allocator-size-audio-worker=65536"
    "memorysetup-temp-allocator-size-cloud-worker=32768"
    "memorysetup-temp-allocator-size-gi-baking-worker=262144"
    "memorysetup-temp-allocator-size-gfx=262144"
Refreshing native plugins compatible for Editor in 312.31 ms, found 3 plugins.
Preloading 0 native plugins for Editor in 0.00 ms.
Initialize engine version: 2022.1.20f1 (01d83b40d570)
[Subsystems] Discovering subsystems at path C:/Program Files/Unity/Hub/Editor/2022.1.20f1/Editor/Data/Resources/UnitySubsystems
[Subsystems] Discovering subsystems at path C:/Tim/UnityAssets/EasyParallelScene/Version_1/Unity/EasyParallelScene/Assets
GfxDevice: creating device client; threaded=0; jobified=0
Direct3D:
    Version:  Direct3D 11.0 [level 11.1]
    Renderer: NVIDIA GeForce GTX 1050 Ti with Max-Q Design (ID=0x1c8c)
    Vendor:   NVIDIA
    VRAM:     4021 MB
    Driver:   31.0.15.1640
Initialize mono
Mono path[0] = 'C:/Program Files/Unity/Hub/Editor/2022.1.20f1/Editor/Data/Managed'
Mono path[1] = 'C:/Program Files/Unity/Hub/Editor/2022.1.20f1/Editor/Data/MonoBleedingEdge/lib/mono/unityjit-win32'
Mono config path = 'C:/Program Files/Unity/Hub/Editor/2022.1.20f1/Editor/Data/MonoBleedingEdge/etc'
Using monoOptions --debugger-agent=transport=dt_socket,embedding=1,server=y,suspend=n,address=127.0.0.1:56088
Begin MonoManager ReloadAssembly
Registering precompiled unity dll's ...
Register platform support module: C:/Program Files/Unity/Hub/Editor/2022.1.20f1/Editor/Data/PlaybackEngines/WindowsStandaloneSupport/UnityEditor.WindowsStandalone.Extensions.dll
Registered in 0.032612 seconds.
Native extension for WindowsStandalone target not found
Refreshing native plugins compatible for Editor in 296.07 ms, found 3 plugins.
Preloading 0 native plugins for Editor in 0.00 ms.
Mono: successfully reloaded assembly
- Completed reload, in  2.608 seconds
Domain Reload Profiling:
	ReloadAssembly (2610ms)
		BeginReloadAssembly (304ms)
			ExecutionOrderSort (0ms)
			DisableScriptedObjects (0ms)
			BackupInstance (0ms)
			ReleaseScriptingObjects (0ms)
			CreateAndSetChildDomain (3ms)
		EndReloadAssembly (1846ms)
			LoadAssemblies (296ms)
			RebuildTransferFunctionScriptingTraits (0ms)
			SetupTypeCache (445ms)
				TypeCache.Initialize (445ms)
					TypeCache.ScanAssembly (442ms)
				ResolveRequiredComponents (1ms)
			ReleaseScriptCaches (0ms)
			RebuildScriptCaches (130ms)
			SetupLoadedEditorAssemblies (1100ms)
				LogAssemblyErrors (0ms)
				InitializePlatformSupportModulesInManaged (28ms)
				SetLoadedEditorAssemblies (25ms)
				RefreshPlugins (296ms)
				BeforeProcessingInitializeOnLoad (5ms)
				ProcessInitializeOnLoadAttributes (556ms)
				ProcessInitializeOnLoadMethodAttributes (189ms)
				AfterProcessingInitializeOnLoad (0ms)
				EditorAssembliesLoaded (0ms)
			ExecutionOrderSort2 (0ms)
			AwakeInstancesAfterBackupRestoration (0ms)
Platform modules already initialized, skipping
Registering precompiled user dll's ...
Registered in 0.026885 seconds.
Begin MonoManager ReloadAssembly
Symbol file LoadedFromMemory doesn't match image C:\Tim\UnityAssets\EasyParallelScene\Version_1\Unity\EasyParallelScene\Library\PackageCache\com.unity.visualscripting@1.7.8\Editor\VisualScripting.Core\Dependencies\YamlDotNet\Unity.VisualScripting.YamlDotNet.dll
Symbol file LoadedFromMemory doesn't match image C:\Tim\UnityAssets\EasyParallelScene\Version_1\Unity\EasyParallelScene\Library\PackageCache\com.unity.visualscripting@1.7.8\Editor\VisualScripting.Core\Dependencies\DotNetZip\Unity.VisualScripting.IonicZip.dll
Native extension for WindowsStandalone target not found
Refreshing native plugins compatible for Editor in 1.78 ms, found 3 plugins.
Preloading 0 native plugins for Editor in 0.00 ms.
Mono: successfully reloaded assembly
- Completed reload, in  4.132 seconds
Domain Reload Profiling:
	ReloadAssembly (4135ms)
		BeginReloadAssembly (461ms)
			ExecutionOrderSort (0ms)
			DisableScriptedObjects (26ms)
			BackupInstance (0ms)
			ReleaseScriptingObjects (0ms)
			CreateAndSetChildDomain (66ms)
		EndReloadAssembly (3222ms)
			LoadAssemblies (319ms)
			RebuildTransferFunctionScriptingTraits (0ms)
			SetupTypeCache (999ms)
				TypeCache.Initialize (987ms)
					TypeCache.ScanAssembly (978ms)
				ResolveRequiredComponents (12ms)
			ReleaseScriptCaches (1ms)
			RebuildScriptCaches (215ms)
			SetupLoadedEditorAssemblies (1502ms)
				LogAssemblyErrors (0ms)
				InitializePlatformSupportModulesInManaged (21ms)
				SetLoadedEditorAssemblies (20ms)
				RefreshPlugins (2ms)
				BeforeProcessingInitializeOnLoad (330ms)
				ProcessInitializeOnLoadAttributes (982ms)
				ProcessInitializeOnLoadMethodAttributes (108ms)
				AfterProcessingInitializeOnLoad (37ms)
				EditorAssembliesLoaded (1ms)
			ExecutionOrderSort2 (0ms)
			AwakeInstancesAfterBackupRestoration (42ms)
Platform modules already initialized, skipping
========================================================================
Worker process is ready to serve import requests
Launched and connected shader compiler UnityShaderCompiler.exe after 0.09 seconds
Refreshing native plugins compatible for Editor in 1.09 ms, found 3 plugins.
Preloading 0 native plugins for Editor in 0.00 ms.
Unloading 3325 Unused Serialized files (Serialized files now loaded: 0)
Unloading 25 unused Assets / (58.3 KB). Loaded Objects now: 3786.
Memory consumption went from 510.0 MB to 509.9 MB.
Total: 4.267500 ms (FindLiveObjects: 0.356800 ms CreateObjectMapping: 0.319100 ms MarkObjects: 3.499600 ms  DeleteObjects: 0.090600 ms)

AssetImportParameters requested are different than current active one (requested -> active):
  custom:video-decoder-ogg-theora: a1e56fd34408186e4bbccfd4996cb3dc -> 
  custom:container-muxer-webm: aa71ff27fc2769a1b78a27578f13a17b -> 
  custom:container-demuxer-webm: 4f35f7cbe854078d1ac9338744f61a02 -> 
  custom:video-encoder-webm-vp8: eb34c28f22e8b96e1ab97ce403110664 -> 
  custom:video-codec-MediaFoundation-h265: 746d11721c4dcdbdad8f713fa42b33f4 -> 
  custom:audio-encoder-webm-vorbis: bf7c407c2cedff20999df2af8eb42d56 -> 
  custom:framework-win-MediaFoundation: 216162199b28c13a410421893ffa2e32 -> 
  custom:container-demuxer-ogg: 62fdf1f143b41e24485cea50d1cbac27 -> 
  custom:video-decoder-webm-vp8: 9c59270c3fd7afecdb556c50c9e8de78 -> 
  custom:audio-decoder-ogg-vorbis: bf7c407c2cedff20999df2af8eb42d56 -> 
========================================================================
Received Import Request.
  Time since last request: 8225.882546 seconds.
  path: Assets/GUPS/EasyParallelScene/Source/EasyParallelScene.asmdef
  artifactKey: Guid(854211c6a72807c42b73473ababf5e87) Importer(815301076,1909f56bfc062723c751e8b465ee728b)
Start importing Assets/GUPS/EasyParallelScene/Source/EasyParallelScene.asmdef using Guid(854211c6a72807c42b73473ababf5e87) Importer(815301076,1909f56bfc062723c751e8b465ee728b)  -> (artifact id: '15b3212d166203504d2cdef898d59e4b') in 0.041497 seconds 
========================================================================
Received Import Request.
  Time since last request: 3.877014 seconds.
  path: Assets/GUPS/EasyParallelScene/Editor/Source
  artifactKey: Guid(b42cddc5c1e0dd2489ed7b4c7a9f7dc6) Importer(815301076,1909f56bfc062723c751e8b465ee728b)
Start importing Assets/GUPS/EasyParallelScene/Editor/Source using Guid(b42cddc5c1e0dd2489ed7b4c7a9f7dc6) Importer(815301076,1909f56bfc062723c751e8b465ee728b)  -> (artifact id: 'fb20b233c582d7c334ee9b46daf2f232') in 0.022771 seconds 
========================================================================
Received Import Request.
  Time since last request: 0.071644 seconds.
  path: Assets/GUPS/EasyParallelScene/Editor/Source/EasyParallelScene.Editor.asmdef
  artifactKey: Guid(5054f346e57bb9d4085170db3b05f050) Importer(815301076,1909f56bfc062723c751e8b465ee728b)
Start importing Assets/GUPS/EasyParallelScene/Editor/Source/EasyParallelScene.Editor.asmdef using Guid(5054f346e57bb9d4085170db3b05f050) Importer(815301076,1909f56bfc062723c751e8b465ee728b)  -> (artifact id: 'c5ca36aed6708df6deac38eb7d166e36') in 0.023335 seconds 
========================================================================
Received Import Request.
  Time since last request: 9.772531 seconds.
  path: Assets/GUPS/EasyParallelScene/Editor/Source/EasyParallelScene.Editor.asmdef
  artifactKey: Guid(5054f346e57bb9d4085170db3b05f050) Importer(815301076,1909f56bfc062723c751e8b465ee728b)
Start importing Assets/GUPS/EasyParallelScene/Editor/Source/EasyParallelScene.Editor.asmdef using Guid(5054f346e57bb9d4085170db3b05f050) Importer(815301076,1909f56bfc062723c751e8b465ee728b)  -> (artifact id: '09929789d3b306072f91126ee6b2fa7b') in 0.005684 seconds 
========================================================================
Received Import Request.
  Time since last request: 0.572407 seconds.
  path: Assets/GUPS/EasyParallelScene/Editor/Tests/EasyParallelScene.Editor.Tests.asmdef
  artifactKey: Guid(534301607ac4eaa4ca36275e5eb80233) Importer(815301076,1909f56bfc062723c751e8b465ee728b)
Start importing Assets/GUPS/EasyParallelScene/Editor/Tests/EasyParallelScene.Editor.Tests.asmdef using Guid(534301607ac4eaa4ca36275e5eb80233) Importer(815301076,1909f56bfc062723c751e8b465ee728b)  -> (artifact id: '65248b20a20b4ea2e9a9035d8360b15e') in 0.029467 seconds 
========================================================================
Received Prepare
Registering precompiled user dll's ...
Registered in 0.013320 seconds.
Begin MonoManager ReloadAssembly
Symbol file LoadedFromMemory doesn't match image C:\Tim\UnityAssets\EasyParallelScene\Version_1\Unity\EasyParallelScene\Library\PackageCache\com.unity.visualscripting@1.7.8\Editor\VisualScripting.Core\Dependencies\YamlDotNet\Unity.VisualScripting.YamlDotNet.dll
Symbol file LoadedFromMemory doesn't match image C:\Tim\UnityAssets\EasyParallelScene\Version_1\Unity\EasyParallelScene\Library\PackageCache\com.unity.visualscripting@1.7.8\Editor\VisualScripting.Core\Dependencies\DotNetZip\Unity.VisualScripting.IonicZip.dll
Native extension for WindowsStandalone target not found
Refreshing native plugins compatible for Editor in 2.02 ms, found 3 plugins.
Preloading 0 native plugins for Editor in 0.00 ms.
Mono: successfully reloaded assembly
- Completed reload, in  3.471 seconds
Domain Reload Profiling:
	ReloadAssembly (3472ms)
		BeginReloadAssembly (323ms)
			ExecutionOrderSort (0ms)
			DisableScriptedObjects (25ms)
			BackupInstance (0ms)
			ReleaseScriptingObjects (0ms)
			CreateAndSetChildDomain (58ms)
		EndReloadAssembly (2694ms)
			LoadAssemblies (251ms)
			RebuildTransferFunctionScriptingTraits (0ms)
			SetupTypeCache (734ms)
				TypeCache.Initialize (713ms)
					TypeCache.ScanAssembly (697ms)
				ResolveRequiredComponents (20ms)
			ReleaseScriptCaches (3ms)
			RebuildScriptCaches (169ms)
			SetupLoadedEditorAssemblies (1268ms)
				LogAssemblyErrors (0ms)
				InitializePlatformSupportModulesInManaged (56ms)
				SetLoadedEditorAssemblies (30ms)
				RefreshPlugins (2ms)
				BeforeProcessingInitializeOnLoad (295ms)
				ProcessInitializeOnLoadAttributes (779ms)
				ProcessInitializeOnLoadMethodAttributes (80ms)
				AfterProcessingInitializeOnLoad (25ms)
				EditorAssembliesLoaded (0ms)
			ExecutionOrderSort2 (0ms)
			AwakeInstancesAfterBackupRestoration (34ms)
Platform modules already initialized, skipping
Refreshing native plugins compatible for Editor in 3.40 ms, found 3 plugins.
Preloading 0 native plugins for Editor in 0.00 ms.
Unloading 3319 Unused Serialized files (Serialized files now loaded: 0)
Unloading 18 unused Assets / (25.4 KB). Loaded Objects now: 3789.
Memory consumption went from 509.1 MB to 509.1 MB.
Total: 8.423400 ms (FindLiveObjects: 0.457400 ms CreateObjectMapping: 0.377600 ms MarkObjects: 7.522900 ms  DeleteObjects: 0.063400 ms)

AssetImportParameters requested are different than current active one (requested -> active):
  custom:video-decoder-ogg-theora: a1e56fd34408186e4bbccfd4996cb3dc -> 
  custom:container-muxer-webm: aa71ff27fc2769a1b78a27578f13a17b -> 
  custom:container-demuxer-webm: 4f35f7cbe854078d1ac9338744f61a02 -> 
  custom:video-encoder-webm-vp8: eb34c28f22e8b96e1ab97ce403110664 -> 
  custom:video-codec-MediaFoundation-h265: 746d11721c4dcdbdad8f713fa42b33f4 -> 
  custom:audio-encoder-webm-vorbis: bf7c407c2cedff20999df2af8eb42d56 -> 
  custom:framework-win-MediaFoundation: 216162199b28c13a410421893ffa2e32 -> 
  custom:container-demuxer-ogg: 62fdf1f143b41e24485cea50d1cbac27 -> 
  custom:video-decoder-webm-vp8: 9c59270c3fd7afecdb556c50c9e8de78 -> 
  custom:audio-decoder-ogg-vorbis: bf7c407c2cedff20999df2af8eb42d56 -> 
========================================================================
Received Prepare
Registering precompiled user dll's ...
Registered in 0.012000 seconds.
Begin MonoManager ReloadAssembly
Symbol file LoadedFromMemory doesn't match image C:\Tim\UnityAssets\EasyParallelScene\Version_1\Unity\EasyParallelScene\Library\PackageCache\com.unity.visualscripting@1.7.8\Editor\VisualScripting.Core\Dependencies\YamlDotNet\Unity.VisualScripting.YamlDotNet.dll
Symbol file LoadedFromMemory doesn't match image C:\Tim\UnityAssets\EasyParallelScene\Version_1\Unity\EasyParallelScene\Library\PackageCache\com.unity.visualscripting@1.7.8\Editor\VisualScripting.Core\Dependencies\DotNetZip\Unity.VisualScripting.IonicZip.dll
Native extension for WindowsStandalone target not found
Refreshing native plugins compatible for Editor in 1.89 ms, found 3 plugins.
Preloading 0 native plugins for Editor in 0.00 ms.
Mono: successfully reloaded assembly
- Completed reload, in  3.786 seconds
Domain Reload Profiling:
	ReloadAssembly (3788ms)
		BeginReloadAssembly (427ms)
			ExecutionOrderSort (0ms)
			DisableScriptedObjects (23ms)
			BackupInstance (0ms)
			ReleaseScriptingObjects (0ms)
			CreateAndSetChildDomain (108ms)
		EndReloadAssembly (2934ms)
			LoadAssemblies (280ms)
			RebuildTransferFunctionScriptingTraits (0ms)
			SetupTypeCache (971ms)
				TypeCache.Initialize (952ms)
					TypeCache.ScanAssembly (938ms)
				ResolveRequiredComponents (18ms)
			ReleaseScriptCaches (2ms)
			RebuildScriptCaches (114ms)
			SetupLoadedEditorAssemblies (1384ms)
				LogAssemblyErrors (0ms)
				InitializePlatformSupportModulesInManaged (56ms)
				SetLoadedEditorAssemblies (24ms)
				RefreshPlugins (2ms)
				BeforeProcessingInitializeOnLoad (343ms)
				ProcessInitializeOnLoadAttributes (812ms)
				ProcessInitializeOnLoadMethodAttributes (111ms)
				AfterProcessingInitializeOnLoad (35ms)
				EditorAssembliesLoaded (1ms)
			ExecutionOrderSort2 (0ms)
			AwakeInstancesAfterBackupRestoration (43ms)
Platform modules already initialized, skipping
Refreshing native plugins compatible for Editor in 5.58 ms, found 3 plugins.
Preloading 0 native plugins for Editor in 0.00 ms.
Unloading 3320 Unused Serialized files (Serialized files now loaded: 0)
Unloading 18 unused Assets / (32.5 KB). Loaded Objects now: 3792.
Memory consumption went from 509.4 MB to 509.3 MB.
Total: 7.345300 ms (FindLiveObjects: 0.562600 ms CreateObjectMapping: 0.422400 ms MarkObjects: 6.222200 ms  DeleteObjects: 0.135800 ms)

AssetImportParameters requested are different than current active one (requested -> active):
  custom:video-decoder-ogg-theora: a1e56fd34408186e4bbccfd4996cb3dc -> 
  custom:container-muxer-webm: aa71ff27fc2769a1b78a27578f13a17b -> 
  custom:container-demuxer-webm: 4f35f7cbe854078d1ac9338744f61a02 -> 
  custom:video-encoder-webm-vp8: eb34c28f22e8b96e1ab97ce403110664 -> 
  custom:video-codec-MediaFoundation-h265: 746d11721c4dcdbdad8f713fa42b33f4 -> 
  custom:audio-encoder-webm-vorbis: bf7c407c2cedff20999df2af8eb42d56 -> 
  custom:framework-win-MediaFoundation: 216162199b28c13a410421893ffa2e32 -> 
  custom:container-demuxer-ogg: 62fdf1f143b41e24485cea50d1cbac27 -> 
  custom:video-decoder-webm-vp8: 9c59270c3fd7afecdb556c50c9e8de78 -> 
  custom:audio-decoder-ogg-vorbis: bf7c407c2cedff20999df2af8eb42d56 -> 
========================================================================
Received Import Request.
  Time since last request: 30.593702 seconds.
  path: Assets/GUPS/EasyParallelScene/Tests/NewTestScript.cs
  artifactKey: Guid(445f818ab87d2804d84b546020d8344a) Importer(815301076,1909f56bfc062723c751e8b465ee728b)
Start importing Assets/GUPS/EasyParallelScene/Tests/NewTestScript.cs using Guid(445f818ab87d2804d84b546020d8344a) Importer(815301076,1909f56bfc062723c751e8b465ee728b)  -> (artifact id: '585d22a6146514b35cc2fcce336a474b') in 0.048502 seconds 
========================================================================
Received Import Request.
  Time since last request: 0.313213 seconds.
  path: Assets/GUPS/EasyParallelScene/Tests/ParallelSceneManagerTests.cs
  artifactKey: Guid(11253a33de3283b4cadba3c3310b42f9) Importer(815301076,1909f56bfc062723c751e8b465ee728b)
Start importing Assets/GUPS/EasyParallelScene/Tests/ParallelSceneManagerTests.cs using Guid(11253a33de3283b4cadba3c3310b42f9) Importer(815301076,1909f56bfc062723c751e8b465ee728b)  -> (artifact id: 'dd841205ddfd579e51a1dcc69bd3f93f') in 0.025610 seconds 
========================================================================
Received Prepare
Registering precompiled user dll's ...
Registered in 0.010879 seconds.
Begin MonoManager ReloadAssembly
Symbol file LoadedFromMemory doesn't match image C:\Tim\UnityAssets\EasyParallelScene\Version_1\Unity\EasyParallelScene\Library\PackageCache\com.unity.visualscripting@1.7.8\Editor\VisualScripting.Core\Dependencies\YamlDotNet\Unity.VisualScripting.YamlDotNet.dll
Symbol file LoadedFromMemory doesn't match image C:\Tim\UnityAssets\EasyParallelScene\Version_1\Unity\EasyParallelScene\Library\PackageCache\com.unity.visualscripting@1.7.8\Editor\VisualScripting.Core\Dependencies\DotNetZip\Unity.VisualScripting.IonicZip.dll
Native extension for WindowsStandalone target not found
Refreshing native plugins compatible for Editor in 1.00 ms, found 3 plugins.
Preloading 0 native plugins for Editor in 0.00 ms.
Mono: successfully reloaded assembly
- Completed reload, in  4.050 seconds
Domain Reload Profiling:
	ReloadAssembly (4052ms)
		BeginReloadAssembly (231ms)
			ExecutionOrderSort (0ms)
			DisableScriptedObjects (11ms)
			BackupInstance (0ms)
			ReleaseScriptingObjects (0ms)
			CreateAndSetChildDomain (56ms)
		EndReloadAssembly (3275ms)
			LoadAssemblies (234ms)
			RebuildTransferFunctionScriptingTraits (0ms)
			SetupTypeCache (1259ms)
				TypeCache.Initialize (1238ms)
					TypeCache.ScanAssembly (1216ms)
				ResolveRequiredComponents (22ms)
			ReleaseScriptCaches (4ms)
			RebuildScriptCaches (168ms)
			SetupLoadedEditorAssemblies (1258ms)
				LogAssemblyErrors (0ms)
				InitializePlatformSupportModulesInManaged (40ms)
				SetLoadedEditorAssemblies (14ms)
				RefreshPlugins (1ms)
				BeforeProcessingInitializeOnLoad (171ms)
				ProcessInitializeOnLoadAttributes (875ms)
				ProcessInitializeOnLoadMethodAttributes (118ms)
				AfterProcessingInitializeOnLoad (38ms)
				EditorAssembliesLoaded (1ms)
			ExecutionOrderSort2 (0ms)
			AwakeInstancesAfterBackupRestoration (43ms)
Platform modules already initialized, skipping
Refreshing native plugins compatible for Editor in 6.24 ms, found 3 plugins.
Preloading 0 native plugins for Editor in 0.00 ms.
Unloading 3319 Unused Serialized files (Serialized files now loaded: 0)
Unloading 18 unused Assets / (25.4 KB). Loaded Objects now: 3795.
Memory consumption went from 509.1 MB to 509.1 MB.
Total: 9.990200 ms (FindLiveObjects: 0.543100 ms CreateObjectMapping: 0.558300 ms MarkObjects: 8.820900 ms  DeleteObjects: 0.065100 ms)

AssetImportParameters requested are different than current active one (requested -> active):
  custom:video-decoder-ogg-theora: a1e56fd34408186e4bbccfd4996cb3dc -> 
  custom:container-muxer-webm: aa71ff27fc2769a1b78a27578f13a17b -> 
  custom:container-demuxer-webm: 4f35f7cbe854078d1ac9338744f61a02 -> 
  custom:video-encoder-webm-vp8: eb34c28f22e8b96e1ab97ce403110664 -> 
  custom:video-codec-MediaFoundation-h265: 746d11721c4dcdbdad8f713fa42b33f4 -> 
  custom:audio-encoder-webm-vorbis: bf7c407c2cedff20999df2af8eb42d56 -> 
  custom:framework-win-MediaFoundation: 216162199b28c13a410421893ffa2e32 -> 
  custom:container-demuxer-ogg: 62fdf1f143b41e24485cea50d1cbac27 -> 
  custom:video-decoder-webm-vp8: 9c59270c3fd7afecdb556c50c9e8de78 -> 
  custom:audio-decoder-ogg-vorbis: bf7c407c2cedff20999df2af8eb42d56 -> 
========================================================================
Received Import Request.
  Time since last request: 155.527907 seconds.
  path: Assets/GUPS/EasyParallelScene/Tests/ParallelSceneManagerTests.cs
  artifactKey: Guid(11253a33de3283b4cadba3c3310b42f9) Importer(815301076,1909f56bfc062723c751e8b465ee728b)
Start importing Assets/GUPS/EasyParallelScene/Tests/ParallelSceneManagerTests.cs using Guid(11253a33de3283b4cadba3c3310b42f9) Importer(815301076,1909f56bfc062723c751e8b465ee728b)  -> (artifact id: '13e2a106c4a59c29a25753e376ebadcf') in 0.009224 seconds 
========================================================================
Received Import Request.
  Time since last request: 3.689369 seconds.
  path: Assets/GUPS/EasyParallelScene/Tests/ParallelSceneManagerTests.cs
  artifactKey: Guid(11253a33de3283b4cadba3c3310b42f9) Importer(815301076,1909f56bfc062723c751e8b465ee728b)
Start importing Assets/GUPS/EasyParallelScene/Tests/ParallelSceneManagerTests.cs using Guid(11253a33de3283b4cadba3c3310b42f9) Importer(815301076,1909f56bfc062723c751e8b465ee728b)  -> (artifact id: '3f587a7efdfb858b5c5a3a52cf4403f3') in 0.002606 seconds 
========================================================================
Received Import Request.
  Time since last request: 358.523727 seconds.
  path: Assets/GUPS/EasyParallelScene/Tests/ParallelSceneManagerTests.cs
  artifactKey: Guid(11253a33de3283b4cadba3c3310b42f9) Importer(815301076,1909f56bfc062723c751e8b465ee728b)
Start importing Assets/GUPS/EasyParallelScene/Tests/ParallelSceneManagerTests.cs using Guid(11253a33de3283b4cadba3c3310b42f9) Importer(815301076,1909f56bfc062723c751e8b465ee728b)  -> (artifact id: '33fada535e445d75b4e528779488ea97') in 0.010748 seconds 
========================================================================
Received Prepare
Registering precompiled user dll's ...
Registered in 0.016671 seconds.
